<?xml version="1.0" encoding="UTF-8"?>
<!-- Generated by org.testng.reporters.JUnitReportReporter -->
<testsuite skipped="0" hostname="DESKTOP-5602UDL" name="variousConcepts.CRMTest" tests="1" failures="0" timestamp="2022-02-05T14:14:07 CST" time="17.891" errors="0">
  <testcase name="addContact" time="17.891" classname="variousConcepts.CRMTest"/>
  <system-out/>
</testsuite> <!-- variousConcepts.CRMTest -->
